Build started 2014-06-10 16:50:18.
     1>Project "C:\Users\Piotrek\Documents\GitHub\pamsi2014\Ford\Ford\Ford.vcxproj" on node 2 (Build target(s)).
     1>ClCompile:
         D:\Pliki programów (x86)\Microsoft Visual Studio 12.0\VC\bin\CL.exe /c /ZI /nologo /W3 /WX- /sdl /Od /Oy- /D _MBCS /Gm /EHsc /RTC1 /MDd /GS /fp:precise /Zc:wchar_t /Zc:forScope /Fo"Debug\\" /Fd"Debug\vc120.pdb" /Gd /TP /analyze- /errorReport:prompt Dijkstra.cpp DijkstraBellmanFord.cpp FordBell.cpp funkcje.cpp graf_lista.cpp graf_macierz.cpp stdafx.cpp
         stdafx.cpp
         graf_macierz.cpp
         graf_lista.cpp
         funkcje.cpp
     1>c:\users\piotrek\documents\github\pamsi2014\ford\ford\funkcje.cpp(129): warning C4101: 'wyniki' : unreferenced local variable
         FordBell.cpp
         DijkstraBellmanFord.cpp
         Dijkstra.cpp
         Generating Code...
       Link:
         D:\Pliki programów (x86)\Microsoft Visual Studio 12.0\VC\bin\link.exe /ERRORREPORT:PROMPT /OUT:"C:\Users\Piotrek\Documents\GitHub\pamsi2014\Ford\Debug\Ford.exe" /INCREMENTAL /NOLOGO kernel32.lib user32.lib gdi32.lib winspool.lib comdlg32.lib advapi32.lib shell32.lib ole32.lib oleaut32.lib uuid.lib odbc32.lib odbccp32.lib /MANIFEST /MANIFESTUAC:"level='asInvoker' uiAccess='false'" /manifest:embed /DEBUG /PDB:"C:\Users\Piotrek\Documents\GitHub\pamsi2014\Ford\Debug\Ford.pdb" /TLBID:1 /DYNAMICBASE /NXCOMPAT /IMPLIB:"C:\Users\Piotrek\Documents\GitHub\pamsi2014\Ford\Debug\Ford.lib" /MACHINE:X86 Debug\Dijkstra.obj
         Debug\DijkstraBellmanFord.obj
         Debug\FordBell.obj
         Debug\funkcje.obj
         Debug\graf_lista.obj
         Debug\graf_macierz.obj
         Debug\stdafx.obj
         Ford.vcxproj -> C:\Users\Piotrek\Documents\GitHub\pamsi2014\Ford\Debug\Ford.exe
     1>Done Building Project "C:\Users\Piotrek\Documents\GitHub\pamsi2014\Ford\Ford\Ford.vcxproj" (Build target(s)).

Build succeeded.

Time Elapsed 00:00:17.98
