Build started 06.05.2014 12:05:59.
     1>Project "C:\Users\Mikus\Documents\Visual Studio 2013\Projects\kruskal\kruskal\kruskal.vcxproj" on node 2 (Rebuild target(s)).
     1>ClCompile:
         C:\Program Files (x86)\Microsoft Visual Studio 12.0\VC\bin\CL.exe /c /Zi /nologo /W3 /WX- /sdl /O2 /Oi /Oy- /GL /D _MBCS /Gm- /EHsc /MD /GS /Gy /fp:precise /Zc:wchar_t /Zc:forScope /Fo"Release\\" /Fd"Release\vc120.pdb" /Gd /TP /analyze- /errorReport:prompt Kruskal.cpp main.cpp CKruskal.cpp Node.cpp
         Kruskal.cpp
         main.cpp
     1>c:\users\mikus\documents\visual studio 2013\projects\kruskal\kruskal\CKruskal.cpp(273): warning C4244: 'argument' : conversion from 'time_t' to 'unsigned int', possible loss of data
     1>c:\users\mikus\documents\visual studio 2013\projects\kruskal\kruskal\CKruskal.cpp(288): warning C4244: 'initializing' : conversion from 'double' to 'int', possible loss of data
         CKruskal.cpp
     1>CKruskal.cpp(273): warning C4244: 'argument' : conversion from 'time_t' to 'unsigned int', possible loss of data
     1>CKruskal.cpp(288): warning C4244: 'initializing' : conversion from 'double' to 'int', possible loss of data
         Node.cpp
       Link:
         C:\Program Files (x86)\Microsoft Visual Studio 12.0\VC\bin\link.exe /ERRORREPORT:PROMPT /OUT:"C:\Users\Mikus\Documents\Visual Studio 2013\Projects\kruskal\Release\kruskal.exe" /NOLOGO kernel32.lib user32.lib gdi32.lib winspool.lib comdlg32.lib advapi32.lib shell32.lib ole32.lib oleaut32.lib uuid.lib odbc32.lib odbccp32.lib /MANIFEST /MANIFESTUAC:"level='asInvoker' uiAccess='false'" /manifest:embed /DEBUG /PDB:"C:\Users\Mikus\Documents\Visual Studio 2013\Projects\kruskal\Release\kruskal.pdb" /OPT:REF /OPT:ICF /LTCG /TLBID:1 /DYNAMICBASE /NXCOMPAT /IMPLIB:"C:\Users\Mikus\Documents\Visual Studio 2013\Projects\kruskal\Release\kruskal.lib" /MACHINE:X86 /SAFESEH Release\Kruskal.obj
         Release\main.obj
         Release\CKruskal.obj
         Release\Node.obj
         Generating code
         Finished generating code
         kruskal.vcxproj -> C:\Users\Mikus\Documents\Visual Studio 2013\Projects\kruskal\Release\kruskal.exe
     1>Done Building Project "C:\Users\Mikus\Documents\Visual Studio 2013\Projects\kruskal\kruskal\kruskal.vcxproj" (Rebuild target(s)).

Build succeeded.

Time Elapsed 00:00:01.86
